<?xml version="1.0" encoding="UTF-8"?>
<!-- Generated by org.testng.reporters.JUnitReportReporter -->
<testsuite skipped="0" hostname="DESKTOP-AURCG78" name="ergast_API_Test.getdriverlist" tests="1" failures="0" timestamp="24 Jan 2019 17:30:40 GMT" time="7.718" errors="0">
  <testcase name="getdriverdetails" time="7.718" classname="ergast_API_Test.getdriverlist"/>
</testsuite> <!-- ergast_API_Test.getdriverlist -->
